<?xml version="1.0" encoding="UTF-8"?>
<!-- Generated by org.testng.reporters.JUnitReportReporter -->
<testsuite hostname="rajesh-PC" name="exe.Testbase" tests="1" failures="0" timestamp="10 Oct 2018 22:03:49 GMT" time="104.212" errors="0">
  <testcase name="test" time="104.212" classname="exe.Testbase"/>
</testsuite> <!-- exe.Testbase -->
