<?xml version="1.0" encoding="UTF-8"?>
<!-- Generated by org.testng.reporters.JUnitReportReporter -->
<testsuite hostname="rajesh-PC" name="exe.Testbase" tests="1" failures="0" timestamp="10 Oct 2018 22:27:30 GMT" time="126.925" errors="0">
  <testcase name="test" time="126.925" classname="exe.Testbase"/>
</testsuite> <!-- exe.Testbase -->
